Determining if the include file coroutine exists failed with the following output:
Change Dir: /drogon_api/build/CMakeFiles/CMakeTmp

Run Build Command:"/usr/bin/make" "cmTC_d687f/fast"
/usr/bin/make -f CMakeFiles/cmTC_d687f.dir/build.make CMakeFiles/cmTC_d687f.dir/build
make[1]: Entering directory '/drogon_api/build/CMakeFiles/CMakeTmp'
Building CXX object CMakeFiles/cmTC_d687f.dir/CheckIncludeFile.cxx.o
/usr/bin/g++-8     -o CMakeFiles/cmTC_d687f.dir/CheckIncludeFile.cxx.o -c /drogon_api/build/CMakeFiles/CMakeTmp/CheckIncludeFile.cxx
/drogon_api/build/CMakeFiles/CMakeTmp/CheckIncludeFile.cxx:1:10: fatal error: coroutine: No such file or directory
 #include <coroutine>
          ^~~~~~~~~~~
compilation terminated.
CMakeFiles/cmTC_d687f.dir/build.make:65: recipe for target 'CMakeFiles/cmTC_d687f.dir/CheckIncludeFile.cxx.o' failed
make[1]: *** [CMakeFiles/cmTC_d687f.dir/CheckIncludeFile.cxx.o] Error 1
make[1]: Leaving directory '/drogon_api/build/CMakeFiles/CMakeTmp'
Makefile:126: recipe for target 'cmTC_d687f/fast' failed
make: *** [cmTC_d687f/fast] Error 2


Determining if the pthread_create exist failed with the following output:
Change Dir: /drogon_api/build/CMakeFiles/CMakeTmp

Run Build Command:"/usr/bin/make" "cmTC_6a8b2/fast"
/usr/bin/make -f CMakeFiles/cmTC_6a8b2.dir/build.make CMakeFiles/cmTC_6a8b2.dir/build
make[1]: Entering directory '/drogon_api/build/CMakeFiles/CMakeTmp'
Building CXX object CMakeFiles/cmTC_6a8b2.dir/CheckSymbolExists.cxx.o
/usr/bin/g++-8     -o CMakeFiles/cmTC_6a8b2.dir/CheckSymbolExists.cxx.o -c /drogon_api/build/CMakeFiles/CMakeTmp/CheckSymbolExists.cxx
Linking CXX executable cmTC_6a8b2
/usr/bin/cmake -E cmake_link_script CMakeFiles/cmTC_6a8b2.dir/link.txt --verbose=1
/usr/bin/g++-8       CMakeFiles/cmTC_6a8b2.dir/CheckSymbolExists.cxx.o  -o cmTC_6a8b2 
CMakeFiles/cmTC_6a8b2.dir/CheckSymbolExists.cxx.o: In function `main':
CheckSymbolExists.cxx:(.text+0x1b): undefined reference to `pthread_create'
collect2: error: ld returned 1 exit status
CMakeFiles/cmTC_6a8b2.dir/build.make:97: recipe for target 'cmTC_6a8b2' failed
make[1]: *** [cmTC_6a8b2] Error 1
make[1]: Leaving directory '/drogon_api/build/CMakeFiles/CMakeTmp'
Makefile:126: recipe for target 'cmTC_6a8b2/fast' failed
make: *** [cmTC_6a8b2/fast] Error 2

File /drogon_api/build/CMakeFiles/CMakeTmp/CheckSymbolExists.cxx:
/* */
#include <pthread.h>

int main(int argc, char** argv)
{
  (void)argv;
#ifndef pthread_create
  return ((int*)(&pthread_create))[argc];
#else
  (void)argc;
  return 0;
#endif
}

Determining if the function pthread_create exists in the pthreads failed with the following output:
Change Dir: /drogon_api/build/CMakeFiles/CMakeTmp

Run Build Command:"/usr/bin/make" "cmTC_bb77c/fast"
/usr/bin/make -f CMakeFiles/cmTC_bb77c.dir/build.make CMakeFiles/cmTC_bb77c.dir/build
make[1]: Entering directory '/drogon_api/build/CMakeFiles/CMakeTmp'
Building CXX object CMakeFiles/cmTC_bb77c.dir/CheckFunctionExists.cxx.o
/usr/bin/g++-8    -DCHECK_FUNCTION_EXISTS=pthread_create   -o CMakeFiles/cmTC_bb77c.dir/CheckFunctionExists.cxx.o -c /drogon_api/build/CMakeFiles/CheckLibraryExists/CheckFunctionExists.cxx
Linking CXX executable cmTC_bb77c
/usr/bin/cmake -E cmake_link_script CMakeFiles/cmTC_bb77c.dir/link.txt --verbose=1
/usr/bin/g++-8   -DCHECK_FUNCTION_EXISTS=pthread_create    CMakeFiles/cmTC_bb77c.dir/CheckFunctionExists.cxx.o  -o cmTC_bb77c -lpthreads 
/usr/bin/ld: cannot find -lpthreads
collect2: error: ld returned 1 exit status
CMakeFiles/cmTC_bb77c.dir/build.make:97: recipe for target 'cmTC_bb77c' failed
make[1]: *** [cmTC_bb77c] Error 1
make[1]: Leaving directory '/drogon_api/build/CMakeFiles/CMakeTmp'
Makefile:126: recipe for target 'cmTC_bb77c/fast' failed
make: *** [cmTC_bb77c/fast] Error 2


